This is XeTeX, Version 3.141592653-2.6-0.999997 (TeX Live 2025/nixos.org) (preloaded format=xelatex 1980.1.1)  29 JUN 2026 21:39
entering extended mode
 restricted \write18 enabled.
 %&-line parsing enabled.
**main.tex
(./main.tex
LaTeX2e <2025-11-01>
L3 programming layer <2026-01-19>

(/nix/store/r6c7ayq176nv534xhsd2vqy8sy9wdyx0-texlive-combined-2025-texmfdist/te
x/latex/base/article.cls
Document Class: article 2025/01/22 v1.4n Standard LaTeX document class

(/nix/store/r6c7ayq176nv534xhsd2vqy8sy9wdyx0-texlive-combined-2025-texmfdist/te
x/latex/base/size11.clo
File: size11.clo 2025/01/22 v1.4n Standard LaTeX file (size option)
)
\c@part=\count271
\c@section=\count272
\c@subsection=\count273
\c@subsubsection=\count274
\c@paragraph=\count275
\c@subparagraph=\count276
\c@figure=\count277
\c@table=\count278
\abovecaptionskip=\skip49
\belowcaptionskip=\skip50
\bibindent=\dimen148
) (./safetyspot.sty
Package: safetyspot 2026/06/29 SafetySpot Dokumentenstil

(/nix/store/r6c7ayq176nv534xhsd2vqy8sy9wdyx0-texlive-combined-2025-texmfdist/te
x/latex/fontspec/fontspec.sty
(/nix/store/r6c7ayq176nv534xhsd2vqy8sy9wdyx0-texlive-combined-2025-texmfdist/te
x/latex/l3packages/xparse/xparse.sty
(/nix/store/r6c7ayq176nv534xhsd2vqy8sy9wdyx0-texlive-combined-2025-texmfdist/te
x/latex/l3kernel/expl3.sty
Package: expl3 2026-01-19 L3 programming layer (loader) 

(/nix/store/r6c7ayq176nv534xhsd2vqy8sy9wdyx0-texlive-combined-2025-texmfdist/te
x/latex/l3backend/l3backend-xetex.def
File: l3backend-xetex.def 2025-10-09 L3 backend support: XeTeX
\g__graphics_track_int=\count279
\g__pdfannot_backend_int=\count280
\g__pdfannot_backend_link_int=\count281
))
Package: xparse 2025-10-09 L3 Experimental document command parser
)
Package: fontspec 2025/09/29 v2.9g Font selection for XeLaTeX and LuaLaTeX

(/nix/store/r6c7ayq176nv534xhsd2vqy8sy9wdyx0-texlive-combined-2025-texmfdist/te
x/latex/fontspec/fontspec-xetex.sty
Package: fontspec-xetex 2025/09/29 v2.9g Font selection for XeLaTeX and LuaLaTe
X
\l__fontspec_script_int=\count282
\l__fontspec_language_int=\count283
\l__fontspec_strnum_int=\count284
\l__fontspec_tmp_int=\count285
\l__fontspec_tmpa_int=\count286
\l__fontspec_tmpb_int=\count287
\l__fontspec_tmpc_int=\count288
\l__fontspec_em_int=\count289
\l__fontspec_emdef_int=\count290
\l__fontspec_strong_int=\count291
\l__fontspec_strongdef_int=\count292
\l__fontspec_tmpa_dim=\dimen149
\l__fontspec_tmpb_dim=\dimen150
\l__fontspec_tmpc_dim=\dimen151

(/nix/store/r6c7ayq176nv534xhsd2vqy8sy9wdyx0-texlive-combined-2025-texmfdist/te
x/latex/base/fontenc.sty
Package: fontenc 2025/07/18 v2.1d Standard LaTeX package
)
(/nix/store/r6c7ayq176nv534xhsd2vqy8sy9wdyx0-texlive-combined-2025-texmfdist/te
x/latex/fontspec/fontspec.cfg)))
(/nix/store/r6c7ayq176nv534xhsd2vqy8sy9wdyx0-texlive-combined-2025-texmfdist/te
x/latex/polyglossia/polyglossia.sty
Package: polyglossia 2025/12/01 v2.9 Modern multilingual typesetting with XeLaT
eX and LuaLaTeX

(/nix/store/r6c7ayq176nv534xhsd2vqy8sy9wdyx0-texlive-combined-2025-texmfdist/te
x/latex/etoolbox/etoolbox.sty
Package: etoolbox 2025/10/02 v2.5m e-TeX tools for LaTeX (JAW)
\etb@tempcnta=\count293
)
(/nix/store/r6c7ayq176nv534xhsd2vqy8sy9wdyx0-texlive-combined-2025-texmfdist/te
x/generic/iftex/iftex.sty
Package: iftex 2024/12/12 v1.0g TeX engine tests
)
\l_xpg_alias_keyvals_int=\count294

(/nix/store/r6c7ayq176nv534xhsd2vqy8sy9wdyx0-texlive-combined-2025-texmfdist/te
x/latex/polyglossia/gloss-latex.ldf
File: gloss-latex.ldf polyglossia: module for default language
))
(/nix/store/r6c7ayq176nv534xhsd2vqy8sy9wdyx0-texlive-combined-2025-texmfdist/te
x/latex/polyglossia/gloss-german.ldf
File: gloss-german.ldf polyglossia: module for German

(/nix/store/r6c7ayq176nv534xhsd2vqy8sy9wdyx0-texlive-combined-2025-texmfdist/te
x/latex/polyglossia/babelsh.def
File: babelsh.def 2022/06/21 Babel common definitions for shorthands
 Taken verbatim from babel files (2022/06/06 v3.76)
)
Package babel Info: Making " an active character on input line 207.
)

Package polyglossia Info: Default language is german


Package fontspec Info: 
(fontspec)             Font family 'Carlito(0)' created for font 'Carlito'
(fontspec)             with options [Ligatures=TeX].
(fontspec)              
(fontspec)              This font family consists of the following NFSS
(fontspec)             series/shapes:
(fontspec)              
(fontspec)             - 'normal' (m/n) with NFSS spec.:
(fontspec)             <->"Carlito/OT:script=latn;language=dflt;mapping=tex-tex
t;"
(fontspec)             - 'bold' (b/n) with NFSS spec.:
(fontspec)             <->"Carlito/B/OT:script=latn;language=dflt;mapping=tex-t
ext;"
(fontspec)             - 'italic' (m/it) with NFSS spec.:
(fontspec)             <->"Carlito/I/OT:script=latn;language=dflt;mapping=tex-t
ext;"
(fontspec)             - 'bold italic' (b/it) with NFSS spec.:
(fontspec)             <->"Carlito/BI/OT:script=latn;language=dflt;mapping=tex-
text;"


Package fontspec Info: 
(fontspec)             DejaVu Sans Mono scale = 0.8732115510550417.


Package fontspec Info: 
(fontspec)             DejaVu Sans Mono scale = 0.8732115510550417.


Package fontspec Info: 
(fontspec)             DejaVu Sans Mono/B scale = 0.8732115510550417.


Package fontspec Info: 
(fontspec)             DejaVu Sans Mono/I scale = 0.8732115510550417.


Package fontspec Info: 
(fontspec)             DejaVu Sans Mono/BI scale = 0.8732115510550417.


Package fontspec Info: 
(fontspec)             Font family 'DejaVuSansMono(0)' created for font
(fontspec)             'DejaVu Sans Mono' with options
(fontspec)             [WordSpace={1,0,0},HyphenChar=None,PunctuationSpace=Word
Space,Scale=MatchLowercase].
(fontspec)              
(fontspec)              This font family consists of the following NFSS
(fontspec)             series/shapes:
(fontspec)              
(fontspec)             - 'normal' (m/n) with NFSS spec.:
(fontspec)             <->s*[0.8732115510550417]"DejaVu Sans
(fontspec)             Mono/OT:script=latn;language=dflt;"
(fontspec)             - 'bold' (b/n) with NFSS spec.:
(fontspec)             <->s*[0.8732115510550417]"DejaVu Sans
(fontspec)             Mono/B/OT:script=latn;language=dflt;"
(fontspec)             - 'italic' (m/it) with NFSS spec.:
(fontspec)             <->s*[0.8732115510550417]"DejaVu Sans
(fontspec)             Mono/I/OT:script=latn;language=dflt;"
(fontspec)             - 'bold italic' (b/it) with NFSS spec.:
(fontspec)             <->s*[0.8732115510550417]"DejaVu Sans
(fontspec)             Mono/BI/OT:script=latn;language=dflt;"


(/nix/store/r6c7ayq176nv534xhsd2vqy8sy9wdyx0-texlive-combined-2025-texmfdist/te
x/latex/geometry/geometry.sty
Package: geometry 2020/01/02 v5.9 Page Geometry

(/nix/store/r6c7ayq176nv534xhsd2vqy8sy9wdyx0-texlive-combined-2025-texmfdist/te
x/latex/graphics/keyval.sty
Package: keyval 2022/05/29 v1.15 key=value parser (DPC)
\KV@toks@=\toks17
)
(/nix/store/r6c7ayq176nv534xhsd2vqy8sy9wdyx0-texlive-combined-2025-texmfdist/te
x/generic/iftex/ifvtex.sty
Package: ifvtex 2019/10/25 v1.7 ifvtex legacy package. Use iftex instead.
)
\Gm@cnth=\count295
\Gm@cntv=\count296
\c@Gm@tempcnt=\count297
\Gm@bindingoffset=\dimen152
\Gm@wd@mp=\dimen153
\Gm@odd@mp=\dimen154
\Gm@even@mp=\dimen155
\Gm@layoutwidth=\dimen156
\Gm@layoutheight=\dimen157
\Gm@layouthoffset=\dimen158
\Gm@layoutvoffset=\dimen159
\Gm@dimlist=\toks18
)
(/nix/store/r6c7ayq176nv534xhsd2vqy8sy9wdyx0-texlive-combined-2025-texmfdist/te
x/latex/setspace/setspace.sty
Package: setspace 2022/12/04 v6.7b set line spacing
)
(/nix/store/r6c7ayq176nv534xhsd2vqy8sy9wdyx0-texlive-combined-2025-texmfdist/te
x/latex/xcolor/xcolor.sty
Package: xcolor 2024/09/29 v3.02 LaTeX color extensions (UK)

(/nix/store/r6c7ayq176nv534xhsd2vqy8sy9wdyx0-texlive-combined-2025-texmfdist/te
x/latex/graphics-cfg/color.cfg
File: color.cfg 2016/01/02 v1.6 sample color configuration
)
Package xcolor Info: Driver file: xetex.def on input line 274.

(/nix/store/r6c7ayq176nv534xhsd2vqy8sy9wdyx0-texlive-combined-2025-texmfdist/te
x/latex/graphics-def/xetex.def
File: xetex.def 2025/11/01 v5.0p Graphics/color driver for xetex
)
(/nix/store/r6c7ayq176nv534xhsd2vqy8sy9wdyx0-texlive-combined-2025-texmfdist/te
x/latex/graphics/mathcolor.ltx)
Package xcolor Info: Model `cmy' substituted by `cmy0' on input line 1349.
Package xcolor Info: Model `RGB' extended on input line 1365.
Package xcolor Info: Model `HTML' substituted by `rgb' on input line 1367.
Package xcolor Info: Model `Hsb' substituted by `hsb' on input line 1368.
Package xcolor Info: Model `tHsb' substituted by `hsb' on input line 1369.
Package xcolor Info: Model `HSB' substituted by `hsb' on input line 1370.
Package xcolor Info: Model `Gray' substituted by `gray' on input line 1371.
Package xcolor Info: Model `wave' substituted by `hsb' on input line 1372.
)
(/nix/store/r6c7ayq176nv534xhsd2vqy8sy9wdyx0-texlive-combined-2025-texmfdist/te
x/latex/titlesec/titlesec.sty
Package: titlesec 2025/01/04 v2.17 Sectioning titles
\ttl@box=\box53
\beforetitleunit=\skip51
\aftertitleunit=\skip52
\ttl@plus=\dimen160
\ttl@minus=\dimen161
\ttl@toksa=\toks19
\titlewidth=\dimen162
\titlewidthlast=\dimen163
\titlewidthfirst=\dimen164
)
(/nix/store/r6c7ayq176nv534xhsd2vqy8sy9wdyx0-texlive-combined-2025-texmfdist/te
x/latex/fancyhdr/fancyhdr.sty
Package: fancyhdr 2025/02/07 v5.2 Extensive control of page headers and footers

\f@nch@headwidth=\skip53
\f@nch@offset@elh=\skip54
\f@nch@offset@erh=\skip55
\f@nch@offset@olh=\skip56
\f@nch@offset@orh=\skip57
\f@nch@offset@elf=\skip58
\f@nch@offset@erf=\skip59
\f@nch@offset@olf=\skip60
\f@nch@offset@orf=\skip61
\f@nch@height=\skip62
\f@nch@footalignment=\skip63
\f@nch@widthL=\skip64
\f@nch@widthC=\skip65
\f@nch@widthR=\skip66
\@temptokenb=\toks20
)
(/nix/store/r6c7ayq176nv534xhsd2vqy8sy9wdyx0-texlive-combined-2025-texmfdist/te
x/latex/pgf/frontendlayer/tikz.sty
(/nix/store/r6c7ayq176nv534xhsd2vqy8sy9wdyx0-texlive-combined-2025-texmfdist/te
x/latex/pgf/basiclayer/pgf.sty
(/nix/store/r6c7ayq176nv534xhsd2vqy8sy9wdyx0-texlive-combined-2025-texmfdist/te
x/latex/pgf/utilities/pgfrcs.sty
(/nix/store/r6c7ayq176nv534xhsd2vqy8sy9wdyx0-texlive-combined-2025-texmfdist/te
x/generic/pgf/utilities/pgfutil-common.tex
\pgfutil@everybye=\toks21
\pgfutil@tempdima=\dimen165
\pgfutil@tempdimb=\dimen166
)
(/nix/store/r6c7ayq176nv534xhsd2vqy8sy9wdyx0-texlive-combined-2025-texmfdist/te
x/generic/pgf/utilities/pgfutil-latex.def
\pgfutil@abb=\box54
)
(/nix/store/r6c7ayq176nv534xhsd2vqy8sy9wdyx0-texlive-combined-2025-texmfdist/te
x/generic/pgf/utilities/pgfrcs.code.tex
(/nix/store/r6c7ayq176nv534xhsd2vqy8sy9wdyx0-texlive-combined-2025-texmfdist/te
x/generic/pgf/pgf.revision.tex)
Package: pgfrcs 2025-08-29 v3.1.11a (3.1.11a)
))
Package: pgf 2025-08-29 v3.1.11a (3.1.11a)

(/nix/store/r6c7ayq176nv534xhsd2vqy8sy9wdyx0-texlive-combined-2025-texmfdist/te
x/latex/pgf/basiclayer/pgfcore.sty
(/nix/store/r6c7ayq176nv534xhsd2vqy8sy9wdyx0-texlive-combined-2025-texmfdist/te
x/latex/graphics/graphicx.sty
Package: graphicx 2024/12/31 v1.2e Enhanced LaTeX Graphics (DPC,SPQR)

(/nix/store/r6c7ayq176nv534xhsd2vqy8sy9wdyx0-texlive-combined-2025-texmfdist/te
x/latex/graphics/graphics.sty
Package: graphics 2024/08/06 v1.4g Standard LaTeX Graphics (DPC,SPQR)

(/nix/store/r6c7ayq176nv534xhsd2vqy8sy9wdyx0-texlive-combined-2025-texmfdist/te
x/latex/graphics/trig.sty
Package: trig 2023/12/02 v1.11 sin cos tan (DPC)
)
(/nix/store/r6c7ayq176nv534xhsd2vqy8sy9wdyx0-texlive-combined-2025-texmfdist/te
x/latex/graphics-cfg/graphics.cfg
File: graphics.cfg 2016/06/04 v1.11 sample graphics configuration
)
Package graphics Info: Driver file: xetex.def on input line 106.
)
\Gin@req@height=\dimen167
\Gin@req@width=\dimen168
)
(/nix/store/r6c7ayq176nv534xhsd2vqy8sy9wdyx0-texlive-combined-2025-texmfdist/te
x/latex/pgf/systemlayer/pgfsys.sty
(/nix/store/r6c7ayq176nv534xhsd2vqy8sy9wdyx0-texlive-combined-2025-texmfdist/te
x/generic/pgf/systemlayer/pgfsys.code.tex
Package: pgfsys 2025-08-29 v3.1.11a (3.1.11a)

(/nix/store/r6c7ayq176nv534xhsd2vqy8sy9wdyx0-texlive-combined-2025-texmfdist/te
x/generic/pgf/utilities/pgfkeys.code.tex
\pgfkeys@pathtoks=\toks22
\pgfkeys@temptoks=\toks23

(/nix/store/r6c7ayq176nv534xhsd2vqy8sy9wdyx0-texlive-combined-2025-texmfdist/te
x/generic/pgf/utilities/pgfkeyslibraryfiltered.code.tex
\pgfkeys@tmptoks=\toks24
))
\pgf@x=\dimen169
\pgf@y=\dimen170
\pgf@xa=\dimen171
\pgf@ya=\dimen172
\pgf@xb=\dimen173
\pgf@yb=\dimen174
\pgf@xc=\dimen175
\pgf@yc=\dimen176
\pgf@xd=\dimen177
\pgf@yd=\dimen178
\w@pgf@writea=\write3
\r@pgf@reada=\read2
\c@pgf@counta=\count298
\c@pgf@countb=\count299
\c@pgf@countc=\count300
\c@pgf@countd=\count301
\t@pgf@toka=\toks25
\t@pgf@tokb=\toks26
\t@pgf@tokc=\toks27
\pgf@sys@id@count=\count302

(/nix/store/r6c7ayq176nv534xhsd2vqy8sy9wdyx0-texlive-combined-2025-texmfdist/te
x/generic/pgf/systemlayer/pgf.cfg
File: pgf.cfg 2025-08-29 v3.1.11a (3.1.11a)
)
Driver file for pgf: pgfsys-xetex.def

(/nix/store/r6c7ayq176nv534xhsd2vqy8sy9wdyx0-texlive-combined-2025-texmfdist/te
x/generic/pgf/systemlayer/pgfsys-xetex.def
File: pgfsys-xetex.def 2025-08-29 v3.1.11a (3.1.11a)

(/nix/store/r6c7ayq176nv534xhsd2vqy8sy9wdyx0-texlive-combined-2025-texmfdist/te
x/generic/pgf/systemlayer/pgfsys-dvipdfmx.def
File: pgfsys-dvipdfmx.def 2025-08-29 v3.1.11a (3.1.11a)

(/nix/store/r6c7ayq176nv534xhsd2vqy8sy9wdyx0-texlive-combined-2025-texmfdist/te
x/generic/pgf/systemlayer/pgfsys-common-pdf.def
File: pgfsys-common-pdf.def 2025-08-29 v3.1.11a (3.1.11a)
)
\pgfsys@objnum=\count303
)))
(/nix/store/r6c7ayq176nv534xhsd2vqy8sy9wdyx0-texlive-combined-2025-texmfdist/te
x/generic/pgf/systemlayer/pgfsyssoftpath.code.tex
File: pgfsyssoftpath.code.tex 2025-08-29 v3.1.11a (3.1.11a)
\pgfsyssoftpath@smallbuffer@items=\count304
\pgfsyssoftpath@bigbuffer@items=\count305
)
(/nix/store/r6c7ayq176nv534xhsd2vqy8sy9wdyx0-texlive-combined-2025-texmfdist/te
x/generic/pgf/systemlayer/pgfsysprotocol.code.tex
File: pgfsysprotocol.code.tex 2025-08-29 v3.1.11a (3.1.11a)
))
(/nix/store/r6c7ayq176nv534xhsd2vqy8sy9wdyx0-texlive-combined-2025-texmfdist/te
x/generic/pgf/basiclayer/pgfcore.code.tex
Package: pgfcore 2025-08-29 v3.1.11a (3.1.11a)

(/nix/store/r6c7ayq176nv534xhsd2vqy8sy9wdyx0-texlive-combined-2025-texmfdist/te
x/generic/pgf/math/pgfmath.code.tex
(/nix/store/r6c7ayq176nv534xhsd2vqy8sy9wdyx0-texlive-combined-2025-texmfdist/te
x/generic/pgf/math/pgfmathutil.code.tex)
(/nix/store/r6c7ayq176nv534xhsd2vqy8sy9wdyx0-texlive-combined-2025-texmfdist/te
x/generic/pgf/math/pgfmathparser.code.tex
\pgfmath@dimen=\dimen179
\pgfmath@count=\count306
\pgfmath@box=\box55
\pgfmath@toks=\toks28
\pgfmath@stack@operand=\toks29
\pgfmath@stack@operation=\toks30
)
(/nix/store/r6c7ayq176nv534xhsd2vqy8sy9wdyx0-texlive-combined-2025-texmfdist/te
x/generic/pgf/math/pgfmathfunctions.code.tex)
(/nix/store/r6c7ayq176nv534xhsd2vqy8sy9wdyx0-texlive-combined-2025-texmfdist/te
x/generic/pgf/math/pgfmathfunctions.basic.code.tex)
(/nix/store/r6c7ayq176nv534xhsd2vqy8sy9wdyx0-texlive-combined-2025-texmfdist/te
x/generic/pgf/math/pgfmathfunctions.trigonometric.code.tex)
(/nix/store/r6c7ayq176nv534xhsd2vqy8sy9wdyx0-texlive-combined-2025-texmfdist/te
x/generic/pgf/math/pgfmathfunctions.random.code.tex)
(/nix/store/r6c7ayq176nv534xhsd2vqy8sy9wdyx0-texlive-combined-2025-texmfdist/te
x/generic/pgf/math/pgfmathfunctions.comparison.code.tex)
(/nix/store/r6c7ayq176nv534xhsd2vqy8sy9wdyx0-texlive-combined-2025-texmfdist/te
x/generic/pgf/math/pgfmathfunctions.base.code.tex)
(/nix/store/r6c7ayq176nv534xhsd2vqy8sy9wdyx0-texlive-combined-2025-texmfdist/te
x/generic/pgf/math/pgfmathfunctions.round.code.tex)
(/nix/store/r6c7ayq176nv534xhsd2vqy8sy9wdyx0-texlive-combined-2025-texmfdist/te
x/generic/pgf/math/pgfmathfunctions.misc.code.tex)
(/nix/store/r6c7ayq176nv534xhsd2vqy8sy9wdyx0-texlive-combined-2025-texmfdist/te
x/generic/pgf/math/pgfmathfunctions.integerarithmetics.code.tex)
(/nix/store/r6c7ayq176nv534xhsd2vqy8sy9wdyx0-texlive-combined-2025-texmfdist/te
x/generic/pgf/math/pgfmathcalc.code.tex)
(/nix/store/r6c7ayq176nv534xhsd2vqy8sy9wdyx0-texlive-combined-2025-texmfdist/te
x/generic/pgf/math/pgfmathfloat.code.tex
\c@pgfmathroundto@lastzeros=\count307
))
(/nix/store/r6c7ayq176nv534xhsd2vqy8sy9wdyx0-texlive-combined-2025-texmfdist/te
x/generic/pgf/math/pgfint.code.tex)
(/nix/store/r6c7ayq176nv534xhsd2vqy8sy9wdyx0-texlive-combined-2025-texmfdist/te
x/generic/pgf/basiclayer/pgfcorepoints.code.tex
File: pgfcorepoints.code.tex 2025-08-29 v3.1.11a (3.1.11a)
\pgf@picminx=\dimen180
\pgf@picmaxx=\dimen181
\pgf@picminy=\dimen182
\pgf@picmaxy=\dimen183
\pgf@pathminx=\dimen184
\pgf@pathmaxx=\dimen185
\pgf@pathminy=\dimen186
\pgf@pathmaxy=\dimen187
\pgf@xx=\dimen188
\pgf@xy=\dimen189
\pgf@yx=\dimen190
\pgf@yy=\dimen191
\pgf@zx=\dimen192
\pgf@zy=\dimen193
)
(/nix/store/r6c7ayq176nv534xhsd2vqy8sy9wdyx0-texlive-combined-2025-texmfdist/te
x/generic/pgf/basiclayer/pgfcorepathconstruct.code.tex
File: pgfcorepathconstruct.code.tex 2025-08-29 v3.1.11a (3.1.11a)
\pgf@path@lastx=\dimen194
\pgf@path@lasty=\dimen195
)
(/nix/store/r6c7ayq176nv534xhsd2vqy8sy9wdyx0-texlive-combined-2025-texmfdist/te
x/generic/pgf/basiclayer/pgfcorepathusage.code.tex
File: pgfcorepathusage.code.tex 2025-08-29 v3.1.11a (3.1.11a)
\pgf@shorten@end@additional=\dimen196
\pgf@shorten@start@additional=\dimen197
)
(/nix/store/r6c7ayq176nv534xhsd2vqy8sy9wdyx0-texlive-combined-2025-texmfdist/te
x/generic/pgf/basiclayer/pgfcorescopes.code.tex
File: pgfcorescopes.code.tex 2025-08-29 v3.1.11a (3.1.11a)
\pgfpic=\box56
\pgf@hbox=\box57
\pgf@layerbox@main=\box58
\pgf@picture@serial@count=\count308
)
(/nix/store/r6c7ayq176nv534xhsd2vqy8sy9wdyx0-texlive-combined-2025-texmfdist/te
x/generic/pgf/basiclayer/pgfcoregraphicstate.code.tex
File: pgfcoregraphicstate.code.tex 2025-08-29 v3.1.11a (3.1.11a)
\pgflinewidth=\dimen198
)
(/nix/store/r6c7ayq176nv534xhsd2vqy8sy9wdyx0-texlive-combined-2025-texmfdist/te
x/generic/pgf/basiclayer/pgfcoretransformations.code.tex
File: pgfcoretransformations.code.tex 2025-08-29 v3.1.11a (3.1.11a)
\pgf@pt@x=\dimen199
\pgf@pt@y=\dimen256
\pgf@pt@temp=\dimen257
)
(/nix/store/r6c7ayq176nv534xhsd2vqy8sy9wdyx0-texlive-combined-2025-texmfdist/te
x/generic/pgf/basiclayer/pgfcorequick.code.tex
File: pgfcorequick.code.tex 2025-08-29 v3.1.11a (3.1.11a)
)
(/nix/store/r6c7ayq176nv534xhsd2vqy8sy9wdyx0-texlive-combined-2025-texmfdist/te
x/generic/pgf/basiclayer/pgfcoreobjects.code.tex
File: pgfcoreobjects.code.tex 2025-08-29 v3.1.11a (3.1.11a)
)
(/nix/store/r6c7ayq176nv534xhsd2vqy8sy9wdyx0-texlive-combined-2025-texmfdist/te
x/generic/pgf/basiclayer/pgfcorepathprocessing.code.tex
File: pgfcorepathprocessing.code.tex 2025-08-29 v3.1.11a (3.1.11a)
)
(/nix/store/r6c7ayq176nv534xhsd2vqy8sy9wdyx0-texlive-combined-2025-texmfdist/te
x/generic/pgf/basiclayer/pgfcorearrows.code.tex
File: pgfcorearrows.code.tex 2025-08-29 v3.1.11a (3.1.11a)
\pgfarrowsep=\dimen258
)
(/nix/store/r6c7ayq176nv534xhsd2vqy8sy9wdyx0-texlive-combined-2025-texmfdist/te
x/generic/pgf/basiclayer/pgfcoreshade.code.tex
File: pgfcoreshade.code.tex 2025-08-29 v3.1.11a (3.1.11a)
\pgf@max=\dimen259
\pgf@sys@shading@range@num=\count309
\pgf@shadingcount=\count310
)
(/nix/store/r6c7ayq176nv534xhsd2vqy8sy9wdyx0-texlive-combined-2025-texmfdist/te
x/generic/pgf/basiclayer/pgfcoreimage.code.tex
File: pgfcoreimage.code.tex 2025-08-29 v3.1.11a (3.1.11a)
)
(/nix/store/r6c7ayq176nv534xhsd2vqy8sy9wdyx0-texlive-combined-2025-texmfdist/te
x/generic/pgf/basiclayer/pgfcoreexternal.code.tex
File: pgfcoreexternal.code.tex 2025-08-29 v3.1.11a (3.1.11a)
\pgfexternal@startupbox=\box59
)
(/nix/store/r6c7ayq176nv534xhsd2vqy8sy9wdyx0-texlive-combined-2025-texmfdist/te
x/generic/pgf/basiclayer/pgfcorelayers.code.tex
File: pgfcorelayers.code.tex 2025-08-29 v3.1.11a (3.1.11a)
)
(/nix/store/r6c7ayq176nv534xhsd2vqy8sy9wdyx0-texlive-combined-2025-texmfdist/te
x/generic/pgf/basiclayer/pgfcoretransparency.code.tex
File: pgfcoretransparency.code.tex 2025-08-29 v3.1.11a (3.1.11a)
)
(/nix/store/r6c7ayq176nv534xhsd2vqy8sy9wdyx0-texlive-combined-2025-texmfdist/te
x/generic/pgf/basiclayer/pgfcorepatterns.code.tex
File: pgfcorepatterns.code.tex 2025-08-29 v3.1.11a (3.1.11a)
)
(/nix/store/r6c7ayq176nv534xhsd2vqy8sy9wdyx0-texlive-combined-2025-texmfdist/te
x/generic/pgf/basiclayer/pgfcorerdf.code.tex
File: pgfcorerdf.code.tex 2025-08-29 v3.1.11a (3.1.11a)
)))
(/nix/store/r6c7ayq176nv534xhsd2vqy8sy9wdyx0-texlive-combined-2025-texmfdist/te
x/generic/pgf/modules/pgfmoduleshapes.code.tex
File: pgfmoduleshapes.code.tex 2025-08-29 v3.1.11a (3.1.11a)
\pgfnodeparttextbox=\box60
)
(/nix/store/r6c7ayq176nv534xhsd2vqy8sy9wdyx0-texlive-combined-2025-texmfdist/te
x/generic/pgf/modules/pgfmoduleplot.code.tex
File: pgfmoduleplot.code.tex 2025-08-29 v3.1.11a (3.1.11a)
)
(/nix/store/r6c7ayq176nv534xhsd2vqy8sy9wdyx0-texlive-combined-2025-texmfdist/te
x/latex/pgf/compatibility/pgfcomp-version-0-65.sty
Package: pgfcomp-version-0-65 2025-08-29 v3.1.11a (3.1.11a)
\pgf@nodesepstart=\dimen260
\pgf@nodesepend=\dimen261
)
(/nix/store/r6c7ayq176nv534xhsd2vqy8sy9wdyx0-texlive-combined-2025-texmfdist/te
x/latex/pgf/compatibility/pgfcomp-version-1-18.sty
Package: pgfcomp-version-1-18 2025-08-29 v3.1.11a (3.1.11a)
))
(/nix/store/r6c7ayq176nv534xhsd2vqy8sy9wdyx0-texlive-combined-2025-texmfdist/te
x/latex/pgf/utilities/pgffor.sty
(/nix/store/r6c7ayq176nv534xhsd2vqy8sy9wdyx0-texlive-combined-2025-texmfdist/te
x/latex/pgf/utilities/pgfkeys.sty
(/nix/store/r6c7ayq176nv534xhsd2vqy8sy9wdyx0-texlive-combined-2025-texmfdist/te
x/generic/pgf/utilities/pgfkeys.code.tex))
(/nix/store/r6c7ayq176nv534xhsd2vqy8sy9wdyx0-texlive-combined-2025-texmfdist/te
x/latex/pgf/math/pgfmath.sty
(/nix/store/r6c7ayq176nv534xhsd2vqy8sy9wdyx0-texlive-combined-2025-texmfdist/te
x/generic/pgf/math/pgfmath.code.tex))
(/nix/store/r6c7ayq176nv534xhsd2vqy8sy9wdyx0-texlive-combined-2025-texmfdist/te
x/generic/pgf/utilities/pgffor.code.tex
Package: pgffor 2025-08-29 v3.1.11a (3.1.11a)
\pgffor@iter=\dimen262
\pgffor@skip=\dimen263
\pgffor@stack=\toks31
\pgffor@toks=\toks32
))
(/nix/store/r6c7ayq176nv534xhsd2vqy8sy9wdyx0-texlive-combined-2025-texmfdist/te
x/generic/pgf/frontendlayer/tikz/tikz.code.tex
Package: tikz 2025-08-29 v3.1.11a (3.1.11a)

(/nix/store/r6c7ayq176nv534xhsd2vqy8sy9wdyx0-texlive-combined-2025-texmfdist/te
x/generic/pgf/libraries/pgflibraryplothandlers.code.tex
File: pgflibraryplothandlers.code.tex 2025-08-29 v3.1.11a (3.1.11a)
\pgf@plot@mark@count=\count311
\pgfplotmarksize=\dimen264
)
\tikz@lastx=\dimen265
\tikz@lasty=\dimen266
\tikz@lastxsaved=\dimen267
\tikz@lastysaved=\dimen268
\tikz@lastmovetox=\dimen269
\tikz@lastmovetoy=\dimen270
\tikzleveldistance=\dimen271
\tikzsiblingdistance=\dimen272
\tikz@figbox=\box61
\tikz@figbox@bg=\box62
\tikz@tempbox=\box63
\tikz@tempbox@bg=\box64
\tikztreelevel=\count312
\tikznumberofchildren=\count313
\tikznumberofcurrentchild=\count314
\tikz@fig@count=\count315

(/nix/store/r6c7ayq176nv534xhsd2vqy8sy9wdyx0-texlive-combined-2025-texmfdist/te
x/generic/pgf/modules/pgfmodulematrix.code.tex
File: pgfmodulematrix.code.tex 2025-08-29 v3.1.11a (3.1.11a)
\pgfmatrixcurrentrow=\count316
\pgfmatrixcurrentcolumn=\count317
\pgf@matrix@numberofcolumns=\count318
)
\tikz@expandcount=\count319

(/nix/store/r6c7ayq176nv534xhsd2vqy8sy9wdyx0-texlive-combined-2025-texmfdist/te
x/generic/pgf/frontendlayer/tikz/libraries/tikzlibrarytopaths.code.tex
File: tikzlibrarytopaths.code.tex 2025-08-29 v3.1.11a (3.1.11a)
)))
(/nix/store/r6c7ayq176nv534xhsd2vqy8sy9wdyx0-texlive-combined-2025-texmfdist/te
x/latex/tools/tabularx.sty
Package: tabularx 2023/12/11 v2.12a `tabularx' package (DPC)

(/nix/store/r6c7ayq176nv534xhsd2vqy8sy9wdyx0-texlive-combined-2025-texmfdist/te
x/latex/tools/array.sty
Package: array 2025/09/25 v2.6n Tabular extension package (FMi)
\col@sep=\dimen273
\ar@mcellbox=\box65
\extrarowheight=\dimen274
\NC@list=\toks33
\extratabsurround=\skip67
\backup@length=\skip68
\ar@cellbox=\box66
)
\TX@col@width=\dimen275
\TX@old@table=\dimen276
\TX@old@col=\dimen277
\TX@target=\dimen278
\TX@delta=\dimen279
\TX@cols=\count320
\TX@ftn=\toks34
)
(/nix/store/r6c7ayq176nv534xhsd2vqy8sy9wdyx0-texlive-combined-2025-texmfdist/te
x/latex/colortbl/colortbl.sty
Package: colortbl 2024/10/29 v1.0k Color table columns (DPC)
\everycr=\toks35
\minrowclearance=\skip69
\rownum=\count321
)
(/nix/store/r6c7ayq176nv534xhsd2vqy8sy9wdyx0-texlive-combined-2025-texmfdist/te
x/latex/tools/longtable.sty
Package: longtable 2025-10-13 v4.24 Multi-page Table package (DPC)
\LTleft=\skip70
\LTright=\skip71
\LTpre=\skip72
\LTpost=\skip73
\LTchunksize=\count322
\LTcapwidth=\dimen280
\LT@head=\box67
\LT@firsthead=\box68
\LT@foot=\box69
\LT@lastfoot=\box70
\LT@gbox=\box71
\LT@cols=\count323
\LT@rows=\count324
\c@LT@tables=\count325
\c@LT@chunks=\count326
\LT@p@ftn=\toks36
)
(/nix/store/r6c7ayq176nv534xhsd2vqy8sy9wdyx0-texlive-combined-2025-texmfdist/te
x/latex/tcolorbox/tcolorbox.sty
Package: tcolorbox 2025/11/28 version 6.9.0 text color boxes

(/nix/store/r6c7ayq176nv534xhsd2vqy8sy9wdyx0-texlive-combined-2025-texmfdist/te
x/latex/tools/verbatim.sty
Package: verbatim 2024-01-22 v1.5x LaTeX2e package for verbatim enhancements
\every@verbatim=\toks37
\verbatim@line=\toks38
\verbatim@in@stream=\read3
)
(/nix/store/r6c7ayq176nv534xhsd2vqy8sy9wdyx0-texlive-combined-2025-texmfdist/te
x/latex/environ/environ.sty
Package: environ 2014/05/04 v0.3 A new way to define environments

(/nix/store/r6c7ayq176nv534xhsd2vqy8sy9wdyx0-texlive-combined-2025-texmfdist/te
x/latex/trimspaces/trimspaces.sty
Package: trimspaces 2009/09/17 v1.1 Trim spaces around a token list
)
\@envbody=\toks39
)
\tcb@titlebox=\box72
\tcb@upperbox=\box73
\tcb@lowerbox=\box74
\tcb@phantombox=\box75
\c@tcbbreakpart=\count327
\c@tcblayer=\count328
\c@tcolorbox@number=\count329
\l__tcobox_tmpa_box=\box76
\l__tcobox_tmpa_dim=\dimen281
\tcb@temp=\box77
\tcb@temp=\box78
\tcb@temp=\box79
\tcb@temp=\box80

(/nix/store/r6c7ayq176nv534xhsd2vqy8sy9wdyx0-texlive-combined-2025-texmfdist/te
x/latex/tcolorbox/tcbraster.code.tex
Library (tcolorbox): 'tcbraster.code.tex' version '6.9.0'
\c@tcbrastercolumn=\count330
\c@tcbrasterrow=\count331
\c@tcbrasternum=\count332
\c@tcbraster=\count333
)
(/nix/store/r6c7ayq176nv534xhsd2vqy8sy9wdyx0-texlive-combined-2025-texmfdist/te
x/latex/tcolorbox/tcbskins.code.tex
Library (tcolorbox): 'tcbskins.code.tex' version '6.9.0'

(/nix/store/r6c7ayq176nv534xhsd2vqy8sy9wdyx0-texlive-combined-2025-texmfdist/te
x/latex/tikzfill/tikzfill.image.sty
Package: tikzfill.image 2023/08/08 v1.0.1 Image filling library for TikZ

(/nix/store/r6c7ayq176nv534xhsd2vqy8sy9wdyx0-texlive-combined-2025-texmfdist/te
x/latex/tikzfill/tikzfill-common.sty
Package: tikzfill-common 2023/08/08 v1.0.1 Auxiliary code for tikzfill
)
(/nix/store/r6c7ayq176nv534xhsd2vqy8sy9wdyx0-texlive-combined-2025-texmfdist/te
x/latex/tikzfill/tikzlibraryfill.image.code.tex
File: tikzlibraryfill.image.code.tex 2023/08/08 v1.0.1 Image filling library
\l__tikzfill_img_box=\box81
))
(/nix/store/r6c7ayq176nv534xhsd2vqy8sy9wdyx0-texlive-combined-2025-texmfdist/te
x/latex/tcolorbox/tcbskinsjigsaw.code.tex
Library (tcolorbox): 'tcbskinsjigsaw.code.tex' version '6.9.0'
))
(/nix/store/r6c7ayq176nv534xhsd2vqy8sy9wdyx0-texlive-combined-2025-texmfdist/te
x/latex/tcolorbox/tcbbreakable.code.tex
Library (tcolorbox): 'tcbbreakable.code.tex' version '6.9.0'

(/nix/store/r6c7ayq176nv534xhsd2vqy8sy9wdyx0-texlive-combined-2025-texmfdist/te
x/latex/pdfcol/pdfcol.sty
Package: pdfcol 2022-09-21 v1.7 Handle new color stacks for pdfTeX (HO)

(/nix/store/r6c7ayq176nv534xhsd2vqy8sy9wdyx0-texlive-combined-2025-texmfdist/te
x/generic/ltxcmds/ltxcmds.sty
Package: ltxcmds 2023-12-04 v1.26 LaTeX kernel commands for general use (HO)
)
(/nix/store/r6c7ayq176nv534xhsd2vqy8sy9wdyx0-texlive-combined-2025-texmfdist/te
x/generic/infwarerr/infwarerr.sty
Package: infwarerr 2019/12/03 v1.5 Providing info/warning/error messages (HO)
)
Package pdfcol Info: Interface disabled because of missing PDF mode of pdfTeX.
)
Package pdfcol Info: pdfTeX's color stacks are not available.
\tcb@testbox=\box82
\tcb@totalupperbox=\box83
\tcb@totallowerbox=\box84
)
(/nix/store/r6c7ayq176nv534xhsd2vqy8sy9wdyx0-texlive-combined-2025-texmfdist/te
x/latex/tcolorbox/tcbhooks.code.tex
Library (tcolorbox): 'tcbhooks.code.tex' version '6.9.0'
)
(/nix/store/r6c7ayq176nv534xhsd2vqy8sy9wdyx0-texlive-combined-2025-texmfdist/te
x/latex/tcolorbox/tcbtheorems.code.tex
Library (tcolorbox): 'tcbtheorems.code.tex' version '6.9.0'

(/nix/store/r6c7ayq176nv534xhsd2vqy8sy9wdyx0-texlive-combined-2025-texmfdist/te
x/latex/amsmath/amsmath.sty
Package: amsmath 2025/07/09 v2.17z AMS math features
\@mathmargin=\skip74

For additional information on amsmath, use the `?' option.

(/nix/store/r6c7ayq176nv534xhsd2vqy8sy9wdyx0-texlive-combined-2025-texmfdist/te
x/latex/amsmath/amstext.sty
Package: amstext 2024/11/17 v2.01 AMS text

(/nix/store/r6c7ayq176nv534xhsd2vqy8sy9wdyx0-texlive-combined-2025-texmfdist/te
x/latex/amsmath/amsgen.sty
File: amsgen.sty 1999/11/30 v2.0 generic functions
\@emptytoks=\toks40
\ex@=\dimen282
))
(/nix/store/r6c7ayq176nv534xhsd2vqy8sy9wdyx0-texlive-combined-2025-texmfdist/te
x/latex/amsmath/amsbsy.sty
Package: amsbsy 1999/11/29 v1.2d Bold Symbols
\pmbraise@=\dimen283
)
(/nix/store/r6c7ayq176nv534xhsd2vqy8sy9wdyx0-texlive-combined-2025-texmfdist/te
x/latex/amsmath/amsopn.sty
Package: amsopn 2022/04/08 v2.04 operator names
)
\inf@bad=\count334
LaTeX Info: Redefining \frac on input line 233.
\uproot@=\count335
\leftroot@=\count336
LaTeX Info: Redefining \overline on input line 398.
LaTeX Info: Redefining \colon on input line 409.
\classnum@=\count337
\DOTSCASE@=\count338
LaTeX Info: Redefining \ldots on input line 495.
LaTeX Info: Redefining \dots on input line 498.
LaTeX Info: Redefining \cdots on input line 619.
\Mathstrutbox@=\box85
\strutbox@=\box86
LaTeX Info: Redefining \big on input line 721.
LaTeX Info: Redefining \Big on input line 722.
LaTeX Info: Redefining \bigg on input line 723.
LaTeX Info: Redefining \Bigg on input line 724.
\big@size=\dimen284
LaTeX Font Info:    Redeclaring font encoding OML on input line 742.
LaTeX Font Info:    Redeclaring font encoding OMS on input line 743.
\macc@depth=\count339
LaTeX Info: Redefining \bmod on input line 904.
LaTeX Info: Redefining \pmod on input line 909.
LaTeX Info: Redefining \smash on input line 939.
LaTeX Info: Redefining \relbar on input line 969.
LaTeX Info: Redefining \Relbar on input line 970.
\c@MaxMatrixCols=\count340
\dotsspace@=\muskip17
\c@parentequation=\count341
\dspbrk@lvl=\count342
\tag@help=\toks41
\row@=\count343
\column@=\count344
\maxfields@=\count345
\andhelp@=\toks42
\eqnshift@=\dimen285
\alignsep@=\dimen286
\tagshift@=\dimen287
\tagwidth@=\dimen288
\totwidth@=\dimen289
\lineht@=\dimen290
\@envbody=\toks43
\multlinegap=\skip75
\multlinetaggap=\skip76
\mathdisplay@stack=\toks44
LaTeX Info: Redefining \[ on input line 2950.
LaTeX Info: Redefining \] on input line 2951.
))
(/nix/store/r6c7ayq176nv534xhsd2vqy8sy9wdyx0-texlive-combined-2025-texmfdist/te
x/latex/tcolorbox/tcbfitting.code.tex
Library (tcolorbox): 'tcbfitting.code.tex' version '6.9.0'
\tcbfitdim=\dimen291
\tcb@lowerfitdim=\dimen292
\tcb@upperfitdim=\dimen293
\tcb@cur@hbadness=\count346
)
(/nix/store/r6c7ayq176nv534xhsd2vqy8sy9wdyx0-texlive-combined-2025-texmfdist/te
x/latex/tcolorbox/tcblistingsutf8.code.tex
Library (tcolorbox): 'tcblistingsutf8.code.tex' version '6.9.0'

(/nix/store/r6c7ayq176nv534xhsd2vqy8sy9wdyx0-texlive-combined-2025-texmfdist/te
x/latex/tcolorbox/tcblistings.code.tex
Library (tcolorbox): 'tcblistings.code.tex' version '6.9.0'

(/nix/store/r6c7ayq176nv534xhsd2vqy8sy9wdyx0-texlive-combined-2025-texmfdist/te
x/latex/listings/listings.sty
\lst@mode=\count347
\lst@gtempboxa=\box87
\lst@token=\toks45
\lst@length=\count348
\lst@currlwidth=\dimen294
\lst@column=\count349
\lst@pos=\count350
\lst@lostspace=\dimen295
\lst@width=\dimen296
\lst@newlines=\count351
\lst@lineno=\count352
\lst@maxwidth=\dimen297

(/nix/store/r6c7ayq176nv534xhsd2vqy8sy9wdyx0-texlive-combined-2025-texmfdist/te
x/latex/listings/lstpatch.sty
File: lstpatch.sty 2025/11/14 1.11b (Carsten Heinz)
)
(/nix/store/r6c7ayq176nv534xhsd2vqy8sy9wdyx0-texlive-combined-2025-texmfdist/te
x/latex/listings/lstmisc.sty
File: lstmisc.sty 2025/11/14 1.11b (Carsten Heinz)
\c@lstnumber=\count353
\lst@skipnumbers=\count354
\lst@framebox=\box88
)
(/nix/store/r6c7ayq176nv534xhsd2vqy8sy9wdyx0-texlive-combined-2025-texmfdist/te
x/latex/listings/listings.cfg
File: listings.cfg 2025/11/14 1.11b listings configuration
))
Package: listings 2025/11/14 1.11b (Carsten Heinz)

==> First Aid for listings.sty no longer applied!
    Expected:
        2024/09/23 1.10c (Carsten Heinz)
    but found:
        2025/11/14 1.11b (Carsten Heinz)
    so I'm assuming it got fixed.

(/nix/store/r6c7ayq176nv534xhsd2vqy8sy9wdyx0-texlive-combined-2025-texmfdist/te
x/latex/tcolorbox/tcblistingscore.code.tex
Library (tcolorbox): 'tcblistingscore.code.tex' version '6.9.0'

(/nix/store/r6c7ayq176nv534xhsd2vqy8sy9wdyx0-texlive-combined-2025-texmfdist/te
x/latex/tcolorbox/tcbprocessing.code.tex
Library (tcolorbox): 'tcbprocessing.code.tex' version '6.9.0'
)
\c@tcblisting=\count355
))
Package tcolorbox Info: Library `listingsutf8' is compatible with pdftex only. 
Library `listings` is loaded instead. on input line 29.
)
(/nix/store/r6c7ayq176nv534xhsd2vqy8sy9wdyx0-texlive-combined-2025-texmfdist/te
x/latex/tcolorbox/tcbexternal.code.tex
Library (tcolorbox): 'tcbexternal.code.tex' version '6.9.0'
)
(/nix/store/r6c7ayq176nv534xhsd2vqy8sy9wdyx0-texlive-combined-2025-texmfdist/te
x/latex/tcolorbox/tcbmagazine.code.tex
Library (tcolorbox): 'tcbmagazine.code.tex' version '6.9.0'
)
(/nix/store/r6c7ayq176nv534xhsd2vqy8sy9wdyx0-texlive-combined-2025-texmfdist/te
x/latex/tcolorbox/tcbvignette.code.tex
Library (tcolorbox): 'tcbvignette.code.tex' version '6.9.0'

(/nix/store/r6c7ayq176nv534xhsd2vqy8sy9wdyx0-texlive-combined-2025-texmfdist/te
x/generic/pgf/frontendlayer/tikz/libraries/tikzlibraryfadings.code.tex
File: tikzlibraryfadings.code.tex 2025-08-29 v3.1.11a (3.1.11a)

(/nix/store/r6c7ayq176nv534xhsd2vqy8sy9wdyx0-texlive-combined-2025-texmfdist/te
x/generic/pgf/libraries/pgflibraryfadings.code.tex
File: pgflibraryfadings.code.tex 2025-08-29 v3.1.11a (3.1.11a)
)))
(/nix/store/r6c7ayq176nv534xhsd2vqy8sy9wdyx0-texlive-combined-2025-texmfdist/te
x/latex/tcolorbox/tcbposter.code.tex
Library (tcolorbox): 'tcbposter.code.tex' version '6.9.0'
))
(/nix/store/r6c7ayq176nv534xhsd2vqy8sy9wdyx0-texlive-combined-2025-texmfdist/te
x/latex/enumitem/enumitem.sty
Package: enumitem 2025/02/06 v3.11 Customized lists
\labelindent=\skip77
\enit@outerparindent=\dimen298
\enit@toks=\toks46
\enit@inbox=\box89
\enit@count@id=\count356
\enitdp@description=\count357
)
(/nix/store/r6c7ayq176nv534xhsd2vqy8sy9wdyx0-texlive-combined-2025-texmfdist/te
x/latex/hyperref/hyperref.sty
Package: hyperref 2026-01-29 v7.01p Hypertext links for LaTeX

(/nix/store/r6c7ayq176nv534xhsd2vqy8sy9wdyx0-texlive-combined-2025-texmfdist/te
x/latex/kvsetkeys/kvsetkeys.sty
Package: kvsetkeys 2022-10-05 v1.19 Key value parser (HO)
)
(/nix/store/r6c7ayq176nv534xhsd2vqy8sy9wdyx0-texlive-combined-2025-texmfdist/te
x/generic/kvdefinekeys/kvdefinekeys.sty
Package: kvdefinekeys 2019-12-19 v1.6 Define keys (HO)
)
(/nix/store/r6c7ayq176nv534xhsd2vqy8sy9wdyx0-texlive-combined-2025-texmfdist/te
x/generic/pdfescape/pdfescape.sty
Package: pdfescape 2019/12/09 v1.15 Implements pdfTeX's escape features (HO)

(/nix/store/r6c7ayq176nv534xhsd2vqy8sy9wdyx0-texlive-combined-2025-texmfdist/te
x/generic/pdftexcmds/pdftexcmds.sty
Package: pdftexcmds 2020-06-27 v0.33 Utility functions of pdfTeX for LuaTeX (HO
)
Package pdftexcmds Info: \pdf@primitive is available.
Package pdftexcmds Info: \pdf@ifprimitive is available.
Package pdftexcmds Info: \pdfdraftmode not found.
))
(/nix/store/r6c7ayq176nv534xhsd2vqy8sy9wdyx0-texlive-combined-2025-texmfdist/te
x/latex/hycolor/hycolor.sty
Package: hycolor 2020-01-27 v1.10 Color options for hyperref/bookmark (HO)
)
(/nix/store/r6c7ayq176nv534xhsd2vqy8sy9wdyx0-texlive-combined-2025-texmfdist/te
x/latex/hyperref/nameref.sty
Package: nameref 2026-01-29 v2.58 Cross-referencing by name of section

(/nix/store/r6c7ayq176nv534xhsd2vqy8sy9wdyx0-texlive-combined-2025-texmfdist/te
x/latex/refcount/refcount.sty
Package: refcount 2019/12/15 v3.6 Data extraction from label references (HO)
)
(/nix/store/r6c7ayq176nv534xhsd2vqy8sy9wdyx0-texlive-combined-2025-texmfdist/te
x/generic/gettitlestring/gettitlestring.sty
Package: gettitlestring 2019/12/15 v1.6 Cleanup title references (HO)

(/nix/store/r6c7ayq176nv534xhsd2vqy8sy9wdyx0-texlive-combined-2025-texmfdist/te
x/latex/kvoptions/kvoptions.sty
Package: kvoptions 2022-06-15 v3.15 Key value format for package options (HO)
))
\c@section@level=\count358
)
(/nix/store/r6c7ayq176nv534xhsd2vqy8sy9wdyx0-texlive-combined-2025-texmfdist/te
x/generic/stringenc/stringenc.sty
Package: stringenc 2019/11/29 v1.12 Convert strings between diff. encodings (HO
)
)
\@linkdim=\dimen299
\Hy@linkcounter=\count359
\Hy@pagecounter=\count360

(/nix/store/r6c7ayq176nv534xhsd2vqy8sy9wdyx0-texlive-combined-2025-texmfdist/te
x/latex/hyperref/pd1enc.def
File: pd1enc.def 2026-01-29 v7.01p Hyperref: PDFDocEncoding definition (HO)
)
(/nix/store/r6c7ayq176nv534xhsd2vqy8sy9wdyx0-texlive-combined-2025-texmfdist/te
x/generic/intcalc/intcalc.sty
Package: intcalc 2019/12/15 v1.3 Expandable calculations with integers (HO)
)
\Hy@SavedSpaceFactor=\count361

(/nix/store/r6c7ayq176nv534xhsd2vqy8sy9wdyx0-texlive-combined-2025-texmfdist/te
x/latex/hyperref/puenc.def
File: puenc.def 2026-01-29 v7.01p Hyperref: PDF Unicode definition (HO)
)
Package hyperref Info: Hyper figures OFF on input line 4201.
Package hyperref Info: Link nesting OFF on input line 4206.
Package hyperref Info: Hyper index ON on input line 4209.
Package hyperref Info: Plain pages OFF on input line 4216.
Package hyperref Info: Backreferencing OFF on input line 4221.
Package hyperref Info: Implicit mode ON; LaTeX internals redefined.
Package hyperref Info: Bookmarks ON on input line 4468.
\c@Hy@tempcnt=\count362

(/nix/store/r6c7ayq176nv534xhsd2vqy8sy9wdyx0-texlive-combined-2025-texmfdist/te
x/latex/url/url.sty
\Urlmuskip=\muskip18
Package: url 2013/09/16  ver 3.4  Verb mode for urls, etc.
)
LaTeX Info: Redefining \url on input line 4807.
\XeTeXLinkMargin=\dimen300

(/nix/store/r6c7ayq176nv534xhsd2vqy8sy9wdyx0-texlive-combined-2025-texmfdist/te
x/generic/bitset/bitset.sty
Package: bitset 2019/12/09 v1.3 Handle bit-vector datatype (HO)

(/nix/store/r6c7ayq176nv534xhsd2vqy8sy9wdyx0-texlive-combined-2025-texmfdist/te
x/generic/bigintcalc/bigintcalc.sty
Package: bigintcalc 2019/12/15 v1.5 Expandable calculations on big integers (HO
)
))
\Fld@menulength=\count363
\Field@Width=\dimen301
\Fld@charsize=\dimen302
Package hyperref Info: Hyper figures OFF on input line 6084.
Package hyperref Info: Link nesting OFF on input line 6089.
Package hyperref Info: Hyper index ON on input line 6092.
Package hyperref Info: backreferencing OFF on input line 6099.
Package hyperref Info: Link coloring OFF on input line 6104.
Package hyperref Info: Link coloring with OCG OFF on input line 6109.
Package hyperref Info: PDF/A mode OFF on input line 6114.
\Hy@abspage=\count364
\c@Item=\count365
\c@Hfootnote=\count366
)
Package hyperref Info: Driver (autodetected): hxetex.

(/nix/store/r6c7ayq176nv534xhsd2vqy8sy9wdyx0-texlive-combined-2025-texmfdist/te
x/latex/hyperref/hxetex.def
File: hxetex.def 2026-01-29 v7.01p Hyperref driver for XeTeX
\pdfm@box=\box90
\c@Hy@AnnotLevel=\count367
\HyField@AnnotCount=\count368
\Fld@listcount=\count369
\c@bookmark@seq@number=\count370

(/nix/store/r6c7ayq176nv534xhsd2vqy8sy9wdyx0-texlive-combined-2025-texmfdist/te
x/latex/rerunfilecheck/rerunfilecheck.sty
Package: rerunfilecheck 2025-06-21 v1.11 Rerun checks for auxiliary files (HO)

(/nix/store/r6c7ayq176nv534xhsd2vqy8sy9wdyx0-texlive-combined-2025-texmfdist/te
x/generic/uniquecounter/uniquecounter.sty
Package: uniquecounter 2019/12/15 v1.4 Provide unlimited unique counter (HO)
)
Package uniquecounter Info: New unique counter `rerunfilecheck' on input line 2
84.
)
\Hy@SectionHShift=\skip78
)
Package hyperref Info: Option `colorlinks' set `true' on input line 239.

(/nix/store/r6c7ayq176nv534xhsd2vqy8sy9wdyx0-texlive-combined-2025-texmfdist/te
x/latex/caption/caption.sty
Package: caption 2023/08/05 v3.6o Customizing captions (AR)

(/nix/store/r6c7ayq176nv534xhsd2vqy8sy9wdyx0-texlive-combined-2025-texmfdist/te
x/latex/caption/caption3.sty
Package: caption3 2023/07/31 v2.4d caption3 kernel (AR)
\caption@tempdima=\dimen303
\captionmargin=\dimen304
\caption@leftmargin=\dimen305
\caption@rightmargin=\dimen306
\caption@width=\dimen307
\caption@indent=\dimen308
\caption@parindent=\dimen309
\caption@hangindent=\dimen310
Package caption Info: Standard document class detected.
)
\c@caption@flags=\count371
\c@continuedfloat=\count372
Package caption Info: hyperref package is loaded.
Package caption Info: listings package is loaded.
Package caption Info: longtable package is loaded.

(/nix/store/r6c7ayq176nv534xhsd2vqy8sy9wdyx0-texlive-combined-2025-texmfdist/te
x/latex/caption/ltcaption.sty
Package: ltcaption 2021/01/08 v1.4c longtable captions (AR)
))) (./main.aux)
\openout1 = `main.aux'.

LaTeX Font Info:    Checking defaults for OML/cmm/m/it on input line 8.
LaTeX Font Info:    ... okay on input line 8.
LaTeX Font Info:    Checking defaults for OMS/cmsy/m/n on input line 8.
LaTeX Font Info:    ... okay on input line 8.
LaTeX Font Info:    Checking defaults for OT1/cmr/m/n on input line 8.
LaTeX Font Info:    ... okay on input line 8.
LaTeX Font Info:    Checking defaults for T1/cmr/m/n on input line 8.
LaTeX Font Info:    ... okay on input line 8.
LaTeX Font Info:    Checking defaults for TS1/cmr/m/n on input line 8.
LaTeX Font Info:    ... okay on input line 8.
LaTeX Font Info:    Checking defaults for TU/lmr/m/n on input line 8.
LaTeX Font Info:    ... okay on input line 8.
LaTeX Font Info:    Checking defaults for OMX/cmex/m/n on input line 8.
LaTeX Font Info:    ... okay on input line 8.
LaTeX Font Info:    Checking defaults for U/cmr/m/n on input line 8.
LaTeX Font Info:    ... okay on input line 8.
LaTeX Font Info:    Checking defaults for PD1/pdf/m/n on input line 8.
LaTeX Font Info:    ... okay on input line 8.
LaTeX Font Info:    Checking defaults for PU/pdf/m/n on input line 8.
LaTeX Font Info:    ... okay on input line 8.

Package fontspec Info: 
(fontspec)             Adjusting the maths setup (use [no-math] to avoid
(fontspec)             this).

\symlegacymaths=\mathgroup4
LaTeX Font Info:    Overwriting symbol font `legacymaths' in version `bold'
(Font)                  OT1/cmr/m/n --> OT1/cmr/bx/n on input line 8.
LaTeX Font Info:    Redeclaring math accent \acute on input line 8.
LaTeX Font Info:    Redeclaring math accent \grave on input line 8.
LaTeX Font Info:    Redeclaring math accent \ddot on input line 8.
LaTeX Font Info:    Redeclaring math accent \tilde on input line 8.
LaTeX Font Info:    Redeclaring math accent \bar on input line 8.
LaTeX Font Info:    Redeclaring math accent \breve on input line 8.
LaTeX Font Info:    Redeclaring math accent \check on input line 8.
LaTeX Font Info:    Redeclaring math accent \hat on input line 8.
LaTeX Font Info:    Redeclaring math accent \dot on input line 8.
LaTeX Font Info:    Redeclaring math accent \mathring on input line 8.
LaTeX Font Info:    Redeclaring math symbol \Gamma on input line 8.
LaTeX Font Info:    Redeclaring math symbol \Delta on input line 8.
LaTeX Font Info:    Redeclaring math symbol \Theta on input line 8.
LaTeX Font Info:    Redeclaring math symbol \Lambda on input line 8.
LaTeX Font Info:    Redeclaring math symbol \Xi on input line 8.
LaTeX Font Info:    Redeclaring math symbol \Pi on input line 8.
LaTeX Font Info:    Redeclaring math symbol \Sigma on input line 8.
LaTeX Font Info:    Redeclaring math symbol \Upsilon on input line 8.
LaTeX Font Info:    Redeclaring math symbol \Phi on input line 8.
LaTeX Font Info:    Redeclaring math symbol \Psi on input line 8.
LaTeX Font Info:    Redeclaring math symbol \Omega on input line 8.
LaTeX Font Info:    Redeclaring math symbol \mathdollar on input line 8.
LaTeX Font Info:    Redeclaring symbol font `operators' on input line 8.
LaTeX Font Info:    Encoding `OT1' has changed to `TU' for symbol font
(Font)              `operators' in the math version `normal' on input line 8.
LaTeX Font Info:    Overwriting symbol font `operators' in version `normal'
(Font)                  OT1/cmr/m/n --> TU/Carlito(0)/m/n on input line 8.
LaTeX Font Info:    Encoding `OT1' has changed to `TU' for symbol font
(Font)              `operators' in the math version `bold' on input line 8.
LaTeX Font Info:    Overwriting symbol font `operators' in version `bold'
(Font)                  OT1/cmr/bx/n --> TU/Carlito(0)/m/n on input line 8.
LaTeX Font Info:    Overwriting symbol font `operators' in version `normal'
(Font)                  TU/Carlito(0)/m/n --> TU/Carlito(0)/m/n on input line 8
.
LaTeX Font Info:    Overwriting math alphabet `\mathit' in version `normal'
(Font)                  OT1/cmr/m/it --> TU/Carlito(0)/m/it on input line 8.
LaTeX Font Info:    Overwriting math alphabet `\mathbf' in version `normal'
(Font)                  OT1/cmr/bx/n --> TU/Carlito(0)/b/n on input line 8.
LaTeX Font Info:    Overwriting math alphabet `\mathsf' in version `normal'
(Font)                  OT1/cmss/m/n --> TU/Carlito(0)/m/n on input line 8.
LaTeX Font Info:    Overwriting math alphabet `\mathtt' in version `normal'
(Font)                  OT1/cmtt/m/n --> TU/DejaVuSansMono(0)/m/n on input line
 8.
LaTeX Font Info:    Overwriting symbol font `operators' in version `bold'
(Font)                  TU/Carlito(0)/m/n --> TU/Carlito(0)/b/n on input line 8
.
LaTeX Font Info:    Overwriting math alphabet `\mathit' in version `bold'
(Font)                  OT1/cmr/bx/it --> TU/Carlito(0)/b/it on input line 8.
LaTeX Font Info:    Overwriting math alphabet `\mathsf' in version `bold'
(Font)                  OT1/cmss/bx/n --> TU/Carlito(0)/b/n on input line 8.
LaTeX Font Info:    Overwriting math alphabet `\mathtt' in version `bold'
(Font)                  OT1/cmtt/m/n --> TU/DejaVuSansMono(0)/b/n on input line
 8.

*geometry* driver: auto-detecting
*geometry* detected driver: xetex
*geometry* verbose mode - [ preamble ] result:
* driver: xetex
* paper: a4paper
* layout: <same size as paper>
* layoutoffset:(h,v)=(0.0pt,0.0pt)
* modes: 
* h-part:(L,W,R)=(73.97733pt, 449.55322pt, 73.97733pt)
* v-part:(T,H,B)=(71.13188pt, 694.24716pt, 79.6678pt)
* \paperwidth=597.50787pt
* \paperheight=845.04684pt
* \textwidth=449.55322pt
* \textheight=694.24716pt
* \oddsidemargin=1.70734pt
* \evensidemargin=1.70734pt
* \topmargin=-50.1381pt
* \headheight=24.0pt
* \headsep=25.0pt
* \topskip=11.0pt
* \footskip=30.0pt
* \marginparwidth=59.0pt
* \marginparsep=10.0pt
* \columnsep=10.0pt
* \skip\footins=10.0pt plus 4.0pt minus 2.0pt
* \hoffset=0.0pt
* \voffset=0.0pt
* \mag=1000
* \@twocolumnfalse
* \@twosidefalse
* \@mparswitchfalse
* \@reversemarginfalse
* (1in=72.27pt=25.4mm, 1cm=28.453pt)

\c@lstlisting=\count373
Package hyperref Info: Link coloring ON on input line 8.
(./main.out) (./main.out)
\@outlinefile=\write4
\openout4 = `main.out'.

Package caption Info: Begin \AtBeginDocument code.
Package caption Info: End \AtBeginDocument code.
 (./chapters/Laborbuch_Gesamt.tex
Overfull \hbox (18.65034pt too wide) in paragraph at lines 13--13
[][] [][][] 
 []


Overfull \hbox (17.0pt too wide) in paragraph at lines 13--13
[][][] 
 []

[1

]
LaTeX Font Info:    Font shape `TU/DejaVuSansMono(0)/m/n' will be
(Font)              scaled to size 9.56169pt on input line 25.

Overfull \hbox (4.86375pt too wide) in alignment at lines 29--29
 [] [] [] [] 
 []


Overfull \hbox (3.28337pt too wide) in paragraph at lines 46--46
[]|\TU/Carlito(0)/m/n/9 Annahmen/Hypothese|  
 []

LaTeX Font Info:    Font shape `TU/DejaVuSansMono(0)/m/n' will be
(Font)              scaled to size 7.85893pt on input line 87.

Overfull \hbox (3.28337pt too wide) in paragraph at lines 272--272
[]|\TU/Carlito(0)/m/n/9 Annahmen/Hypothese|  
 []


Overfull \hbox (37.28442pt too wide) in paragraph at lines 534--545
\TU/DejaVuSansMono(0)/m/n/9 ProgressController\TU/Carlito(0)/m/n/9 /\TU/DejaVuS
ansMono(0)/m/n/9 ProgressService\TU/Carlito(0)/m/n/9 /\TU/DejaVuSansMono(0)/m/n
/9 ProgressServiceImpl 
 []


Overfull \hbox (4.86375pt too wide) in alignment at lines 29--850
 [] [] [] [] 
 []

ignored error: Infinite glue shrinkage found in box being split [1]
ignored error: Infinite glue shrinkage found in box being split [2]
ignored error: Infinite glue shrinkage found in box being split [3]
ignored error: Infinite glue shrinkage found in box being split [4]
ignored error: Infinite glue shrinkage found in box being split [5]
ignored error: Infinite glue shrinkage found in box being split [6]
ignored error: Infinite glue shrinkage found in box being split [7]
ignored error: Infinite glue shrinkage found in box being split [8]
ignored error: Infinite glue shrinkage found in box being split [9]
ignored error: Infinite glue shrinkage found in box being split [10]
ignored error: Infinite glue shrinkage found in box being split [11]
ignored error: Infinite glue shrinkage found in box being split [12]
ignored error: Infinite glue shrinkage found in box being split [13]
Overfull \hbox (8.34714pt too wide) in paragraph at lines 857--860
[]\TU/Carlito(0)/b/n/10.95 IIRu5hII: \TU/Carlito(0)/m/n/10.95 Android-Frontend 
(Kotlin/Compose) – Design-System, Navigation, alle Screens (Auth, Home,
 []

)
Overfull \hbox (13.74075pt too wide) in paragraph at lines 861--11
[]\TU/Carlito(0)/b/n/10.95 0qln: \TU/Carlito(0)/m/n/10.95 Projektinfrastruktur,
 vollständige Backend-API (User, Image, Tag, Progress, Stats), CI/CD-Pipelines
 []

[14] (./main.aux)
 ***********
LaTeX2e <2025-11-01>
L3 programming layer <2026-01-19>
 ***********
Package rerunfilecheck Info: File `main.out' has not changed.
(rerunfilecheck)             Checksum: D89979261E2E3FF5F5F1655A4F7D60E4;608.
 ) 
Here is how much of TeX's memory you used:
 32100 strings out of 468174
 709483 string characters out of 5414325
 1343508 words of memory out of 5000000
 60322 multiletter control sequences out of 15000+600000
 631790 words of font info for 90 fonts, out of 8000000 for 9000
 1348 hyphenation exceptions out of 8191
 117i,12n,127p,420b,620s stack positions out of 10000i,1000n,20000p,200000b,200000s

Output written on main.pdf (15 pages).
